This is pdfTeX, Version 3.141592653-2.6-1.40.28 (MiKTeX 25.12) (preloaded format=pdflatex 2026.1.1)  2 JAN 2026 00:04
entering extended mode
 restricted \write18 enabled.
 file:line:error style messages enabled.
 %&-line parsing enabled.
**d:/Feeder/report/main.tex
(d:/Feeder/report/main.tex
LaTeX2e <2025-11-01>
L3 programming layer <2025-12-24>
(C:\Program Files\MiKTeX\tex/latex/base\report.cls
Document Class: report 2025/01/22 v1.4n Standard LaTeX document class
(C:\Program Files\MiKTeX\tex/latex/base\size12.clo
File: size12.clo 2025/01/22 v1.4n Standard LaTeX file (size option)
)
\c@part=\count275
\c@chapter=\count276
\c@section=\count277
\c@subsection=\count278
\c@subsubsection=\count279
\c@paragraph=\count280
\c@subparagraph=\count281
\c@figure=\count282
\c@table=\count283
\abovecaptionskip=\skip49
\belowcaptionskip=\skip50
\bibindent=\dimen148
) (C:\Program Files\MiKTeX\tex/latex/ragged2e\ragged2e.sty
Package: ragged2e 2023/06/22 v3.6 ragged2e Package
\CenteringLeftskip=\skip51
\RaggedLeftLeftskip=\skip52
\RaggedRightLeftskip=\skip53
\CenteringRightskip=\skip54
\RaggedLeftRightskip=\skip55
\RaggedRightRightskip=\skip56
\CenteringParfillskip=\skip57
\RaggedLeftParfillskip=\skip58
\RaggedRightParfillskip=\skip59
\JustifyingParfillskip=\skip60
\CenteringParindent=\skip61
\RaggedLeftParindent=\skip62
\RaggedRightParindent=\skip63
\JustifyingParindent=\skip64
) (C:\Program Files\MiKTeX\tex/latex/xcolor\xcolor.sty
Package: xcolor 2024/09/29 v3.02 LaTeX color extensions (UK)
 (C:\Program Files\MiKTeX\tex/latex/graphics-cfg\color.cfg
File: color.cfg 2016/01/02 v1.6 sample color configuration
)
Package xcolor Info: Driver file: pdftex.def on input line 274.
 (C:\Program Files\MiKTeX\tex/latex/graphics-def\pdftex.def
File: pdftex.def 2025/09/29 v1.2d Graphics/color driver for pdftex
) (C:\Program Files\MiKTeX\tex/latex/graphics\mathcolor.ltx)
Package xcolor Info: Model `cmy' substituted by `cmy0' on input line 1349.
Package xcolor Info: Model `hsb' substituted by `rgb' on input line 1353.
Package xcolor Info: Model `RGB' extended on input line 1365.
Package xcolor Info: Model `HTML' substituted by `rgb' on input line 1367.
Package xcolor Info: Model `Hsb' substituted by `hsb' on input line 1368.
Package xcolor Info: Model `tHsb' substituted by `hsb' on input line 1369.
Package xcolor Info: Model `HSB' substituted by `hsb' on input line 1370.
Package xcolor Info: Model `Gray' substituted by `gray' on input line 1371.
Package xcolor Info: Model `wave' substituted by `hsb' on input line 1372.
) (C:\Program Files\MiKTeX\tex/latex/base\inputenc.sty
Package: inputenc 2024/02/08 v1.3d Input encoding file
\inpenc@prehook=\toks17
\inpenc@posthook=\toks18
) (C:\Program Files\MiKTeX\tex/latex/natbib\natbib.sty
Package: natbib 2010/09/13 8.31b (PWD, AO)
\bibhang=\skip65
\bibsep=\skip66
LaTeX Info: Redefining \cite on input line 694.
\c@NAT@ctr=\count284
) (C:\Program Files\MiKTeX\tex/latex/geometry\geometry.sty
Package: geometry 2020/01/02 v5.9 Page Geometry
 (C:\Program Files\MiKTeX\tex/latex/graphics\keyval.sty
Package: keyval 2022/05/29 v1.15 key=value parser (DPC)
\KV@toks@=\toks19
) (C:\Program Files\MiKTeX\tex/generic/iftex\ifvtex.sty
Package: ifvtex 2019/10/25 v1.7 ifvtex legacy package. Use iftex instead.
 (C:\Program Files\MiKTeX\tex/generic/iftex\iftex.sty
Package: iftex 2024/12/12 v1.0g TeX engine tests
))
\Gm@cnth=\count285
\Gm@cntv=\count286
\c@Gm@tempcnt=\count287
\Gm@bindingoffset=\dimen149
\Gm@wd@mp=\dimen150
\Gm@odd@mp=\dimen151
\Gm@even@mp=\dimen152
\Gm@layoutwidth=\dimen153
\Gm@layoutheight=\dimen154
\Gm@layouthoffset=\dimen155
\Gm@layoutvoffset=\dimen156
\Gm@dimlist=\toks20
 (C:\Program Files\MiKTeX\tex/latex/geometry\geometry.cfg)) (C:\Program Files\MiKTeX\tex/latex/float\float.sty
Package: float 2001/11/08 v1.3d Float enhancements (AL)
\c@float@type=\count288
\float@exts=\toks21
\float@box=\box53
\@float@everytoks=\toks22
\@floatcapt=\box54
) (C:\Program Files\MiKTeX\tex/latex/graphics\graphicx.sty
Package: graphicx 2024/12/31 v1.2e Enhanced LaTeX Graphics (DPC,SPQR)
 (C:\Program Files\MiKTeX\tex/latex/graphics\graphics.sty
Package: graphics 2024/08/06 v1.4g Standard LaTeX Graphics (DPC,SPQR)
 (C:\Program Files\MiKTeX\tex/latex/graphics\trig.sty
Package: trig 2023/12/02 v1.11 sin cos tan (DPC)
) (C:\Program Files\MiKTeX\tex/latex/graphics-cfg\graphics.cfg
File: graphics.cfg 2016/06/04 v1.11 sample graphics configuration
)
Package graphics Info: Driver file: pdftex.def on input line 106.
)
\Gin@req@height=\dimen157
\Gin@req@width=\dimen158
) (C:\Program Files\MiKTeX\tex/latex/graphics\rotating.sty
Package: rotating 2025/01/14 v2.16e rotated objects in LaTeX
 (C:\Program Files\MiKTeX\tex/latex/base\ifthen.sty
Package: ifthen 2024/03/16 v1.1e Standard LaTeX ifthen package (DPC)
)
\c@r@tfl@t=\count289
\rotFPtop=\skip67
\rotFPbot=\skip68
\rot@float@box=\box55
\rot@mess@toks=\toks23
) (C:\Program Files\MiKTeX\tex/latex/amsmath\amsmath.sty
Package: amsmath 2025/07/09 v2.17z AMS math features
\@mathmargin=\skip69

For additional information on amsmath, use the `?' option.
(C:\Program Files\MiKTeX\tex/latex/amsmath\amstext.sty
Package: amstext 2024/11/17 v2.01 AMS text
 (C:\Program Files\MiKTeX\tex/latex/amsmath\amsgen.sty
File: amsgen.sty 1999/11/30 v2.0 generic functions
\@emptytoks=\toks24
\ex@=\dimen159
)) (C:\Program Files\MiKTeX\tex/latex/amsmath\amsbsy.sty
Package: amsbsy 1999/11/29 v1.2d Bold Symbols
\pmbraise@=\dimen160
) (C:\Program Files\MiKTeX\tex/latex/amsmath\amsopn.sty
Package: amsopn 2022/04/08 v2.04 operator names
)
\inf@bad=\count290
LaTeX Info: Redefining \frac on input line 233.
\uproot@=\count291
\leftroot@=\count292
LaTeX Info: Redefining \overline on input line 398.
LaTeX Info: Redefining \colon on input line 409.
\classnum@=\count293
\DOTSCASE@=\count294
LaTeX Info: Redefining \ldots on input line 495.
LaTeX Info: Redefining \dots on input line 498.
LaTeX Info: Redefining \cdots on input line 619.
\Mathstrutbox@=\box56
\strutbox@=\box57
LaTeX Info: Redefining \big on input line 721.
LaTeX Info: Redefining \Big on input line 722.
LaTeX Info: Redefining \bigg on input line 723.
LaTeX Info: Redefining \Bigg on input line 724.
\big@size=\dimen161
LaTeX Font Info:    Redeclaring font encoding OML on input line 742.
LaTeX Font Info:    Redeclaring font encoding OMS on input line 743.
\macc@depth=\count295
LaTeX Info: Redefining \bmod on input line 904.
LaTeX Info: Redefining \pmod on input line 909.
LaTeX Info: Redefining \smash on input line 939.
LaTeX Info: Redefining \relbar on input line 969.
LaTeX Info: Redefining \Relbar on input line 970.
\c@MaxMatrixCols=\count296
\dotsspace@=\muskip17
\c@parentequation=\count297
\dspbrk@lvl=\count298
\tag@help=\toks25
\row@=\count299
\column@=\count300
\maxfields@=\count301
\andhelp@=\toks26
\eqnshift@=\dimen162
\alignsep@=\dimen163
\tagshift@=\dimen164
\tagwidth@=\dimen165
\totwidth@=\dimen166
\lineht@=\dimen167
\@envbody=\toks27
\multlinegap=\skip70
\multlinetaggap=\skip71
\mathdisplay@stack=\toks28
LaTeX Info: Redefining \[ on input line 2950.
LaTeX Info: Redefining \] on input line 2951.
) (C:\Program Files\MiKTeX\tex/latex/titlesec\titlesec.sty
Package: titlesec 2025/01/04 v2.17 Sectioning titles
\ttl@box=\box58
\beforetitleunit=\skip72
\aftertitleunit=\skip73
\ttl@plus=\dimen168
\ttl@minus=\dimen169
\ttl@toksa=\toks29
\titlewidth=\dimen170
\titlewidthlast=\dimen171
\titlewidthfirst=\dimen172
) (C:\Program Files\MiKTeX\tex/latex/l3backend\l3backend-pdftex.def
File: l3backend-pdftex.def 2025-10-09 L3 backend support: PDF output (pdfTeX)
\l__color_backend_stack_int=\count302
) (main.aux)
\openout1 = `main.aux'.

LaTeX Font Info:    Checking defaults for OML/cmm/m/it on input line 40.
LaTeX Font Info:    ... okay on input line 40.
LaTeX Font Info:    Checking defaults for OMS/cmsy/m/n on input line 40.
LaTeX Font Info:    ... okay on input line 40.
LaTeX Font Info:    Checking defaults for OT1/cmr/m/n on input line 40.
LaTeX Font Info:    ... okay on input line 40.
LaTeX Font Info:    Checking defaults for T1/cmr/m/n on input line 40.
LaTeX Font Info:    ... okay on input line 40.
LaTeX Font Info:    Checking defaults for TS1/cmr/m/n on input line 40.
LaTeX Font Info:    ... okay on input line 40.
LaTeX Font Info:    Checking defaults for OMX/cmex/m/n on input line 40.
LaTeX Font Info:    ... okay on input line 40.
LaTeX Font Info:    Checking defaults for U/cmr/m/n on input line 40.
LaTeX Font Info:    ... okay on input line 40.
 (C:\Program Files\MiKTeX\tex/context/base/mkii\supp-pdf.mkii
[Loading MPS to PDF converter (version 2006.09.02).]
\scratchcounter=\count303
\scratchdimen=\dimen173
\scratchbox=\box59
\nofMPsegments=\count304
\nofMParguments=\count305
\everyMPshowfont=\toks30
\MPscratchCnt=\count306
\MPscratchDim=\dimen174
\MPnumerator=\count307
\makeMPintoPDFobject=\count308
\everyMPtoPDFconversion=\toks31
) (C:\Program Files\MiKTeX\tex/latex/epstopdf-pkg\epstopdf-base.sty
Package: epstopdf-base 2020-01-24 v2.11 Base part for package epstopdf
Package epstopdf-base Info: Redefining graphics rule for `.eps' on input line 485.
 (C:\Program Files\MiKTeX\tex/latex/00miktex\epstopdf-sys.cfg
File: epstopdf-sys.cfg 2021/03/18 v2.0 Configuration of epstopdf for MiKTeX
))
*geometry* driver: auto-detecting
*geometry* detected driver: pdftex
*geometry* verbose mode - [ preamble ] result:
* driver: pdftex
* paper: <default>
* layout: <same size as paper>
* layoutoffset:(h,v)=(0.0pt,0.0pt)
* modes: 
* h-part:(L,W,R)=(72.26999pt, 469.75502pt, 72.26999pt)
* v-part:(T,H,B)=(57.81621pt, 679.33757pt, 57.81621pt)
* \paperwidth=614.295pt
* \paperheight=794.96999pt
* \textwidth=469.75502pt
* \textheight=679.33757pt
* \oddsidemargin=0.0pt
* \evensidemargin=0.0pt
* \topmargin=-51.45378pt
* \headheight=12.0pt
* \headsep=25.0pt
* \topskip=12.0pt
* \footskip=30.0pt
* \marginparwidth=44.0pt
* \marginparsep=10.0pt
* \columnsep=10.0pt
* \skip\footins=10.8pt plus 4.0pt minus 2.0pt
* \hoffset=0.0pt
* \voffset=0.0pt
* \mag=1000
* \@twocolumnfalse
* \@twosidefalse
* \@mparswitchfalse
* \@reversemarginfalse
* (1in=72.27pt=25.4mm, 1cm=28.453pt)

<Images/logotu.jpg, id=1, 253.94875pt x 301.125pt>
File: Images/logotu.jpg Graphic file (type jpg)
<use Images/logotu.jpg>
Package pdftex.def Info: Images/logotu.jpg  used on input line 41.
(pdftex.def)             Requested size: 76.1852pt x 90.33818pt.

LaTeX Warning: No \author given.

[1

{C:/Users/Haitomns/AppData/Local/MiKTeX/fonts/map/pdftex/pdftex.map} <./Images/logotu.jpg>] [2]
Underfull \hbox (badness 10000) in paragraph at lines 47--52

 []

[2

]
Underfull \hbox (badness 10000) in paragraph at lines 54--67

 []

[3

]
Overfull \hbox (17.6248pt too wide) in paragraph at lines 85--102
[]$[]$$[]$ 
 []

[4

]
Underfull \hbox (badness 10000) in paragraph at lines 114--124

 []


Underfull \hbox (badness 10000) in paragraph at lines 114--124

 []


Underfull \hbox (badness 10000) in paragraph at lines 114--124

 []

[5

]
Underfull \hbox (badness 10000) in paragraph at lines 126--139

 []

[6

]
Underfull \hbox (badness 10000) in paragraph at lines 156--166

 []

[7

] (main.toc [8

] [9])
\tf@toc=\write3
\openout3 = `main.toc'.

 [10] (main.lof)
\tf@lof=\write4
\openout4 = `main.lof'.

 [11

] (main.lot)
\tf@lot=\write5
\openout5 = `main.lot'.

 [12

] [13

]
 1.
<Images/feederOutline.png, id=54, 853.1875pt x 636.3775pt>
File: Images/feederOutline.png Graphic file (type png)
<use Images/feederOutline.png>
Package pdftex.def Info: Images/feederOutline.png  used on input line 215.
(pdftex.def)             Requested size: 422.77664pt x 315.34283pt.
[1

] [2 <./Images/feederOutline.png>]
<Images/lineDiagram.png, id=63, 523.35526pt x 511.31026pt>
File: Images/lineDiagram.png Graphic file (type png)
<use Images/lineDiagram.png>
Package pdftex.def Info: Images/lineDiagram.png  used on input line 231.
(pdftex.def)             Requested size: 422.77664pt x 413.05115pt.
 [3 <./Images/lineDiagram.png>] [4] [5]
 2.
[6

] [7] [8] [9]
 3.
[10

]
<Images/blockDiagram.png, id=90, 1413.28pt x 770.88pt>
File: Images/blockDiagram.png Graphic file (type png)
<use Images/blockDiagram.png>
Package pdftex.def Info: Images/blockDiagram.png  used on input line 327.
(pdftex.def)             Requested size: 422.77664pt x 230.60707pt.
 [11 <./Images/blockDiagram.png (PNG copy)>] [12] [13] [14]
Overfull \hbox (2.51233pt too wide) in paragraph at lines 394--395
\OT1/cmr/m/n/12 Some load val-ues con-tained ex-treme spikes caused by Ex-cel merg-ing er-rors, mistyped POWER
 []

[15]
<Images/featureCorrelation.png, id=108, 625.1355pt x 549.9747pt>
File: Images/featureCorrelation.png Graphic file (type png)
<use Images/featureCorrelation.png>
Package pdftex.def Info: Images/featureCorrelation.png  used on input line 409.
(pdftex.def)             Requested size: 328.82707pt x 289.2949pt.
 [16] [17 <./Images/featureCorrelation.png>]
<Images/lineGraphLoad.png, id=117, 1003.8303pt x 332.442pt>
File: Images/lineGraphLoad.png Graphic file (type png)
<use Images/lineGraphLoad.png>
Package pdftex.def Info: Images/lineGraphLoad.png  used on input line 431.
(pdftex.def)             Requested size: 422.77664pt x 140.0102pt.
 [18 <./Images/lineGraphLoad.png>]
<Images/hourlyLoad.png, id=122, 508.7808pt x 323.0469pt>
File: Images/hourlyLoad.png Graphic file (type png)
<use Images/hourlyLoad.png>
Package pdftex.def Info: Images/hourlyLoad.png  used on input line 441.
(pdftex.def)             Requested size: 422.77664pt x 268.4542pt.
<Images/loadByHour.png, id=123, 502.2765pt x 323.7696pt>
File: Images/loadByHour.png Graphic file (type png)
<use Images/loadByHour.png>
Package pdftex.def Info: Images/loadByHour.png  used on input line 448.
(pdftex.def)             Requested size: 422.77664pt x 272.53275pt.
 [19 <./Images/hourlyLoad.png>]
<Images/averageload.png, id=128, 430.7292pt x 338.9463pt>
File: Images/averageload.png Graphic file (type png)
<use Images/averageload.png>
Package pdftex.def Info: Images/averageload.png  used on input line 458.
(pdftex.def)             Requested size: 328.82707pt x 258.76038pt.
 [20 <./Images/loadByHour.png>]
<Images/tempLoad.png, id=133, 437.2335pt x 344.7279pt>
File: Images/tempLoad.png Graphic file (type png)
<use Images/tempLoad.png>
Package pdftex.def Info: Images/tempLoad.png  used on input line 471.
(pdftex.def)             Requested size: 422.77664pt x 333.33888pt.
 [21 <./Images/averageload.png>]
<Images/humandityLoad.png, id=138, 427.1157pt x 340.3917pt>
File: Images/humandityLoad.png Graphic file (type png)
<use Images/humandityLoad.png>
Package pdftex.def Info: Images/humandityLoad.png  used on input line 478.
(pdftex.def)             Requested size: 328.82707pt x 262.07124pt.
<Images/solarLoad.png, id=139, 428.5611pt x 345.4506pt>
File: Images/solarLoad.png Graphic file (type png)
<use Images/solarLoad.png>
Package pdftex.def Info: Images/solarLoad.png  used on input line 485.
(pdftex.def)             Requested size: 328.82707pt x 265.07533pt.
 [22 <./Images/tempLoad.png> <./Images/humandityLoad.png>] [23 <./Images/solarLoad.png>] [24] [25] [26] [27] [28]
<Images/mlp.png, id=170, 853.1875pt x 455.7025pt>
File: Images/mlp.png Graphic file (type png)
<use Images/mlp.png>
Package pdftex.def Info: Images/mlp.png  used on input line 709.
(pdftex.def)             Requested size: 328.82707pt x 175.6372pt.
 [29 <./Images/mlp.png>]
<Images/lstm.png, id=176, 289.83281pt x 260.47313pt>
File: Images/lstm.png Graphic file (type png)
<use Images/lstm.png>
Package pdftex.def Info: Images/lstm.png  used on input line 766.
(pdftex.def)             Requested size: 328.82707pt x 295.53548pt.
 [30 <./Images/lstm.png>]
<Images/gru.png, id=181, 290.58563pt x 260.47313pt>
File: Images/gru.png Graphic file (type png)
<use Images/gru.png>
Package pdftex.def Info: Images/gru.png  used on input line 813.
(pdftex.def)             Requested size: 328.82707pt x 294.77237pt.
 [31] [32 <./Images/gru.png>]
Overfull \hbox (35.3135pt too wide) in paragraph at lines 860--861
[]\OT1/cmr/bx/n/12 Random For-est and Gra-di-ent Boost-ing: \OT1/cmr/m/n/12 n[]estimators, max[]depth, and min[]samples[]split 
 []

[33] [34] [35] [36] [37] [38]
 4.
[39

]
<Images/xboostActual.png, id=213, 3842.355pt x 2637.855pt>
File: Images/xboostActual.png Graphic file (type png)
<use Images/xboostActual.png>
Package pdftex.def Info: Images/xboostActual.png  used on input line 1073.
(pdftex.def)             Requested size: 422.77664pt x 290.2052pt.
 [40 <./Images/xboostActual.png (PNG copy)>]
<Images/lstmActual.png, id=217, 611.4042pt x 263.0628pt>
File: Images/lstmActual.png Graphic file (type png)
<use Images/lstmActual.png>
Package pdftex.def Info: Images/lstmActual.png  used on input line 1109.
(pdftex.def)             Requested size: 422.77664pt x 181.9109pt.
 [41] [42 <./Images/lstmActual.png>]
 5.
[43

] [44] (main.bbl [45] [46

]) [47] [48

] (main.aux)
 ***********
LaTeX2e <2025-11-01>
L3 programming layer <2025-12-24>
 ***********
 ) 
Here is how much of TeX's memory you used:
 4369 strings out of 467871
 66417 string characters out of 5428435
 494908 words of memory out of 5000000
 33200 multiletter control sequences out of 15000+600000
 636464 words of font info for 70 fonts, out of 8000000 for 9000
 1141 hyphenation exceptions out of 8191
 57i,10n,65p,988b,293s stack positions out of 10000i,1000n,20000p,200000b,200000s
 <C:\Users\Haitomns\AppData\Local\MiKTeX\fonts/pk/ljfour/jknappen/ec/dpi600\tcbx1200.pk> <C:\Users\Haitomns\AppData\Local\MiKTeX\fonts/pk/ljfour/jknappen/ec/dpi600\tcbx1440.pk> <C:\Users\Haitomns\AppData\Local\MiKTeX\fonts/pk/ljfour/jknappen/ec/dpi600\tcrm1200.pk><C:/Program Files/MiKTeX/fonts/type1/public/amsfonts/cm/cmbx12.pfb><C:/Program Files/MiKTeX/fonts/type1/public/amsfonts/cm/cmbx8.pfb><C:/Program Files/MiKTeX/fonts/type1/public/amsfonts/cm/cmex10.pfb><C:/Program Files/MiKTeX/fonts/type1/public/amsfonts/cm/cmmi12.pfb><C:/Program Files/MiKTeX/fonts/type1/public/amsfonts/cm/cmmi8.pfb><C:/Program Files/MiKTeX/fonts/type1/public/amsfonts/cm/cmr12.pfb><C:/Program Files/MiKTeX/fonts/type1/public/amsfonts/cm/cmr8.pfb><C:/Program Files/MiKTeX/fonts/type1/public/amsfonts/cm/cmsy10.pfb><C:/Program Files/MiKTeX/fonts/type1/public/amsfonts/cm/cmsy6.pfb><C:/Program Files/MiKTeX/fonts/type1/public/amsfonts/cm/cmsy8.pfb><C:/Program Files/MiKTeX/fonts/type1/public/amsfonts/cm/cmti12.pfb><C:/Program Files/MiKTeX/fonts/type1/public/amsfonts/cm/cmtt12.pfb>
Output written on main.pdf (62 pages, 14009942 bytes).
PDF statistics:
 311 PDF objects out of 1000 (max. 8388607)
 0 named destinations out of 1000 (max. 500000)
 86 words of extra memory for PDF output out of 10000 (max. 10000000)

